<?xml version="1.0" encoding="UTF-8"?>
<robot generator="Robot 6.1.1 (Python 3.12.6 on win32)" generated="20241124 14:17:59.545" rpa="false" schemaversion="4">
<suite id="s1" name="Tests" source="C:\Users\jenho\koulu\ohjelmistotuotanto\OhjelmistoTuotantoRepositorio2\osa3\hello-robot\src\tests">
<suite id="s1-s1" name="Increase Counter" source="C:\Users\jenho\koulu\ohjelmistotuotanto\OhjelmistoTuotantoRepositorio2\osa3\hello-robot\src\tests\increase_counter.robot">
<test id="s1-s1-t1" name="Increase Counter Once" line="5">
<kw name="Counter Value Should Be" library="CounterLibrary">
<arg>0</arg>
<status status="PASS" starttime="20241124 14:17:59.585" endtime="20241124 14:17:59.586"/>
</kw>
<kw name="Increase Counter" library="CounterLibrary">
<status status="PASS" starttime="20241124 14:17:59.586" endtime="20241124 14:17:59.586"/>
</kw>
<kw name="Counter Value Should Be" library="CounterLibrary">
<arg>1</arg>
<status status="PASS" starttime="20241124 14:17:59.586" endtime="20241124 14:17:59.586"/>
</kw>
<status status="PASS" starttime="20241124 14:17:59.585" endtime="20241124 14:17:59.586"/>
</test>
<test id="s1-s1-t2" name="Increase Counter Many Times" line="10">
<kw name="Counter Value Should Be" library="CounterLibrary">
<arg>0</arg>
<status status="PASS" starttime="20241124 14:17:59.587" endtime="20241124 14:17:59.587"/>
</kw>
<kw name="Increase Counter" library="CounterLibrary">
<status status="PASS" starttime="20241124 14:17:59.587" endtime="20241124 14:17:59.587"/>
</kw>
<kw name="Increase Counter" library="CounterLibrary">
<status status="PASS" starttime="20241124 14:17:59.587" endtime="20241124 14:17:59.587"/>
</kw>
<kw name="Increase Counter" library="CounterLibrary">
<status status="PASS" starttime="20241124 14:17:59.588" endtime="20241124 14:17:59.588"/>
</kw>
<kw name="Counter Value Should Be" library="CounterLibrary">
<arg>3</arg>
<status status="PASS" starttime="20241124 14:17:59.588" endtime="20241124 14:17:59.588"/>
</kw>
<status status="PASS" starttime="20241124 14:17:59.587" endtime="20241124 14:17:59.588"/>
</test>
<test id="s1-s1-t3" name="Increment Counter By Amount" line="17">
<kw name="Counter Value Should Be" library="CounterLibrary">
<arg>0</arg>
<status status="PASS" starttime="20241124 14:17:59.588" endtime="20241124 14:17:59.589"/>
</kw>
<kw name="Increment Counter By" library="CounterLibrary">
<arg>5</arg>
<status status="PASS" starttime="20241124 14:17:59.589" endtime="20241124 14:17:59.589"/>
</kw>
<kw name="Counter Value Should Be" library="CounterLibrary">
<arg>5</arg>
<status status="PASS" starttime="20241124 14:17:59.589" endtime="20241124 14:17:59.589"/>
</kw>
<status status="PASS" starttime="20241124 14:17:59.588" endtime="20241124 14:17:59.589"/>
</test>
<test id="s1-s1-t4" name="Reset Counter After One Increment" line="22">
<kw name="Counter Value Should Be" library="CounterLibrary">
<arg>0</arg>
<status status="PASS" starttime="20241124 14:17:59.590" endtime="20241124 14:17:59.590"/>
</kw>
<kw name="Increase Counter" library="CounterLibrary">
<status status="PASS" starttime="20241124 14:17:59.590" endtime="20241124 14:17:59.590"/>
</kw>
<kw name="Counter Value Should Be" library="CounterLibrary">
<arg>1</arg>
<status status="PASS" starttime="20241124 14:17:59.590" endtime="20241124 14:17:59.590"/>
</kw>
<kw name="Reset Counter" library="CounterLibrary">
<status status="PASS" starttime="20241124 14:17:59.590" endtime="20241124 14:17:59.590"/>
</kw>
<kw name="Counter Value Should Be" library="CounterLibrary">
<arg>0</arg>
<status status="PASS" starttime="20241124 14:17:59.590" endtime="20241124 14:17:59.590"/>
</kw>
<status status="PASS" starttime="20241124 14:17:59.589" endtime="20241124 14:17:59.590"/>
</test>
<test id="s1-s1-t5" name="Reset Counter After Several Increments" line="29">
<kw name="Counter Value Should Be" library="CounterLibrary">
<arg>0</arg>
<status status="PASS" starttime="20241124 14:17:59.591" endtime="20241124 14:17:59.591"/>
</kw>
<kw name="Increment Counter By" library="CounterLibrary">
<arg>5</arg>
<status status="PASS" starttime="20241124 14:17:59.591" endtime="20241124 14:17:59.591"/>
</kw>
<kw name="Counter Value Should Be" library="CounterLibrary">
<arg>5</arg>
<status status="PASS" starttime="20241124 14:17:59.591" endtime="20241124 14:17:59.591"/>
</kw>
<kw name="Reset Counter" library="CounterLibrary">
<status status="PASS" starttime="20241124 14:17:59.591" endtime="20241124 14:17:59.591"/>
</kw>
<kw name="Counter Value Should Be" library="CounterLibrary">
<arg>0</arg>
<status status="PASS" starttime="20241124 14:17:59.592" endtime="20241124 14:17:59.592"/>
</kw>
<status status="PASS" starttime="20241124 14:17:59.591" endtime="20241124 14:17:59.592"/>
</test>
<status status="PASS" starttime="20241124 14:17:59.569" endtime="20241124 14:17:59.592"/>
</suite>
<suite id="s1-s2" name="Reset Counter" source="C:\Users\jenho\koulu\ohjelmistotuotanto\OhjelmistoTuotantoRepositorio2\osa3\hello-robot\src\tests\reset_counter.robot">
<test id="s1-s2-t1" name="Reset Counter After One Increment" line="5">
<kw name="Counter Value Should Be" library="CounterLibrary">
<arg>0</arg>
<status status="PASS" starttime="20241124 14:17:59.596" endtime="20241124 14:17:59.596"/>
</kw>
<kw name="Increase Counter" library="CounterLibrary">
<status status="PASS" starttime="20241124 14:17:59.596" endtime="20241124 14:17:59.597"/>
</kw>
<kw name="Counter Value Should Be" library="CounterLibrary">
<arg>1</arg>
<status status="PASS" starttime="20241124 14:17:59.597" endtime="20241124 14:17:59.597"/>
</kw>
<kw name="Reset Counter" library="CounterLibrary">
<status status="PASS" starttime="20241124 14:17:59.597" endtime="20241124 14:17:59.597"/>
</kw>
<kw name="Counter Value Should Be" library="CounterLibrary">
<arg>0</arg>
<status status="PASS" starttime="20241124 14:17:59.597" endtime="20241124 14:17:59.597"/>
</kw>
<status status="PASS" starttime="20241124 14:17:59.596" endtime="20241124 14:17:59.597"/>
</test>
<test id="s1-s2-t2" name="Reset Counter After Several Increments" line="12">
<kw name="Counter Value Should Be" library="CounterLibrary">
<arg>0</arg>
<status status="PASS" starttime="20241124 14:17:59.598" endtime="20241124 14:17:59.598"/>
</kw>
<kw name="Increment Counter By" library="CounterLibrary">
<arg>5</arg>
<status status="PASS" starttime="20241124 14:17:59.598" endtime="20241124 14:17:59.598"/>
</kw>
<kw name="Counter Value Should Be" library="CounterLibrary">
<arg>5</arg>
<status status="PASS" starttime="20241124 14:17:59.598" endtime="20241124 14:17:59.598"/>
</kw>
<kw name="Reset Counter" library="CounterLibrary">
<status status="PASS" starttime="20241124 14:17:59.598" endtime="20241124 14:17:59.598"/>
</kw>
<kw name="Counter Value Should Be" library="CounterLibrary">
<arg>0</arg>
<status status="PASS" starttime="20241124 14:17:59.599" endtime="20241124 14:17:59.599"/>
</kw>
<status status="PASS" starttime="20241124 14:17:59.598" endtime="20241124 14:17:59.599"/>
</test>
<status status="PASS" starttime="20241124 14:17:59.593" endtime="20241124 14:17:59.599"/>
</suite>
<status status="PASS" starttime="20241124 14:17:59.546" endtime="20241124 14:17:59.600"/>
</suite>
<statistics>
<total>
<stat pass="7" fail="0" skip="0">All Tests</stat>
</total>
<tag>
</tag>
<suite>
<stat pass="7" fail="0" skip="0" id="s1" name="Tests">Tests</stat>
<stat pass="5" fail="0" skip="0" id="s1-s1" name="Increase Counter">Tests.Increase Counter</stat>
<stat pass="2" fail="0" skip="0" id="s1-s2" name="Reset Counter">Tests.Reset Counter</stat>
</suite>
</statistics>
<errors>
</errors>
</robot>
