<?xml version="1.0" encoding="UTF-8"?>
<robot generator="Robot 6.1.1 (Python 3.12.6 on win32)" generated="20241125 22:15:45.042" rpa="false" schemaversion="4">
<suite id="s1" name="Tests" source="C:\Users\jenho\koulu\ohjelmistotuotanto\OhjelmistoTuotantoRepositorio2\osa3\login-robot\src\tests">
<suite id="s1-s1" name="Login" source="C:\Users\jenho\koulu\ohjelmistotuotanto\OhjelmistoTuotantoRepositorio2\osa3\login-robot\src\tests\login.robot">
<test id="s1-s1-t1" name="Login With Correct Credentials" line="6">
<kw name="Create User And Input Login Command" type="SETUP">
<kw name="Create User" library="AppLibrary">
<arg>kalle</arg>
<arg>kalle123</arg>
<status status="PASS" starttime="20241125 22:15:45.073" endtime="20241125 22:15:45.074"/>
</kw>
<kw name="Input Login Command" library="resource">
<kw name="Input" library="AppLibrary">
<arg>login</arg>
<status status="PASS" starttime="20241125 22:15:45.074" endtime="20241125 22:15:45.074"/>
</kw>
<status status="PASS" starttime="20241125 22:15:45.074" endtime="20241125 22:15:45.074"/>
</kw>
<status status="PASS" starttime="20241125 22:15:45.073" endtime="20241125 22:15:45.074"/>
</kw>
<kw name="Input Credentials" library="resource">
<arg>kalle</arg>
<arg>kalle123</arg>
<kw name="Input" library="AppLibrary">
<arg>${username}</arg>
<status status="PASS" starttime="20241125 22:15:45.074" endtime="20241125 22:15:45.074"/>
</kw>
<kw name="Input" library="AppLibrary">
<arg>${password}</arg>
<status status="PASS" starttime="20241125 22:15:45.074" endtime="20241125 22:15:45.074"/>
</kw>
<kw name="Run Application" library="AppLibrary">
<status status="PASS" starttime="20241125 22:15:45.074" endtime="20241125 22:15:45.074"/>
</kw>
<status status="PASS" starttime="20241125 22:15:45.074" endtime="20241125 22:15:45.075"/>
</kw>
<kw name="Output Should Contain" library="AppLibrary">
<arg>Logged in</arg>
<status status="PASS" starttime="20241125 22:15:45.075" endtime="20241125 22:15:45.075"/>
</kw>
<status status="PASS" starttime="20241125 22:15:45.073" endtime="20241125 22:15:45.075"/>
</test>
<test id="s1-s1-t2" name="Login With Incorrect Password" line="10">
<kw name="Create User And Input Login Command" type="SETUP">
<kw name="Create User" library="AppLibrary">
<arg>kalle</arg>
<arg>kalle123</arg>
<status status="PASS" starttime="20241125 22:15:45.076" endtime="20241125 22:15:45.076"/>
</kw>
<kw name="Input Login Command" library="resource">
<kw name="Input" library="AppLibrary">
<arg>login</arg>
<status status="PASS" starttime="20241125 22:15:45.076" endtime="20241125 22:15:45.076"/>
</kw>
<status status="PASS" starttime="20241125 22:15:45.076" endtime="20241125 22:15:45.076"/>
</kw>
<status status="PASS" starttime="20241125 22:15:45.076" endtime="20241125 22:15:45.076"/>
</kw>
<kw name="Create User" library="AppLibrary">
<arg>kalle2</arg>
<arg>kalle123</arg>
<status status="PASS" starttime="20241125 22:15:45.076" endtime="20241125 22:15:45.076"/>
</kw>
<kw name="Input Login Command" library="resource">
<kw name="Input" library="AppLibrary">
<arg>login</arg>
<status status="PASS" starttime="20241125 22:15:45.077" endtime="20241125 22:15:45.077"/>
</kw>
<status status="PASS" starttime="20241125 22:15:45.077" endtime="20241125 22:15:45.077"/>
</kw>
<kw name="Input Credentials" library="resource">
<arg>kalle2</arg>
<arg>kalle1234</arg>
<kw name="Input" library="AppLibrary">
<arg>${username}</arg>
<status status="PASS" starttime="20241125 22:15:45.077" endtime="20241125 22:15:45.077"/>
</kw>
<kw name="Input" library="AppLibrary">
<arg>${password}</arg>
<status status="PASS" starttime="20241125 22:15:45.077" endtime="20241125 22:15:45.077"/>
</kw>
<kw name="Run Application" library="AppLibrary">
<status status="PASS" starttime="20241125 22:15:45.077" endtime="20241125 22:15:45.077"/>
</kw>
<status status="PASS" starttime="20241125 22:15:45.077" endtime="20241125 22:15:45.077"/>
</kw>
<kw name="Run Application" library="AppLibrary">
<status status="PASS" starttime="20241125 22:15:45.077" endtime="20241125 22:15:45.077"/>
</kw>
<kw name="Output Should Contain" library="AppLibrary">
<arg>Invalid username or password</arg>
<status status="PASS" starttime="20241125 22:15:45.077" endtime="20241125 22:15:45.077"/>
</kw>
<status status="PASS" starttime="20241125 22:15:45.076" endtime="20241125 22:15:45.077"/>
</test>
<test id="s1-s1-t3" name="Login With Nonexistent Username" line="17">
<kw name="Create User And Input Login Command" type="SETUP">
<kw name="Create User" library="AppLibrary">
<arg>kalle</arg>
<arg>kalle123</arg>
<status status="PASS" starttime="20241125 22:15:45.078" endtime="20241125 22:15:45.078"/>
</kw>
<kw name="Input Login Command" library="resource">
<kw name="Input" library="AppLibrary">
<arg>login</arg>
<status status="PASS" starttime="20241125 22:15:45.078" endtime="20241125 22:15:45.079"/>
</kw>
<status status="PASS" starttime="20241125 22:15:45.078" endtime="20241125 22:15:45.079"/>
</kw>
<status status="PASS" starttime="20241125 22:15:45.078" endtime="20241125 22:15:45.079"/>
</kw>
<kw name="Create User" library="AppLibrary">
<arg>kalle3</arg>
<arg>kalle123</arg>
<status status="PASS" starttime="20241125 22:15:45.079" endtime="20241125 22:15:45.079"/>
</kw>
<kw name="Input Login Command" library="resource">
<kw name="Input" library="AppLibrary">
<arg>login</arg>
<status status="PASS" starttime="20241125 22:15:45.079" endtime="20241125 22:15:45.079"/>
</kw>
<status status="PASS" starttime="20241125 22:15:45.079" endtime="20241125 22:15:45.079"/>
</kw>
<kw name="Input Credentials" library="resource">
<arg>kalle4</arg>
<arg>kalle123</arg>
<kw name="Input" library="AppLibrary">
<arg>${username}</arg>
<status status="PASS" starttime="20241125 22:15:45.079" endtime="20241125 22:15:45.079"/>
</kw>
<kw name="Input" library="AppLibrary">
<arg>${password}</arg>
<status status="PASS" starttime="20241125 22:15:45.080" endtime="20241125 22:15:45.080"/>
</kw>
<kw name="Run Application" library="AppLibrary">
<status status="PASS" starttime="20241125 22:15:45.080" endtime="20241125 22:15:45.080"/>
</kw>
<status status="PASS" starttime="20241125 22:15:45.079" endtime="20241125 22:15:45.080"/>
</kw>
<kw name="Run Application" library="AppLibrary">
<status status="PASS" starttime="20241125 22:15:45.080" endtime="20241125 22:15:45.080"/>
</kw>
<kw name="Output Should Contain" library="AppLibrary">
<arg>Invalid username or password</arg>
<status status="PASS" starttime="20241125 22:15:45.080" endtime="20241125 22:15:45.080"/>
</kw>
<status status="PASS" starttime="20241125 22:15:45.078" endtime="20241125 22:15:45.080"/>
</test>
<status status="PASS" starttime="20241125 22:15:45.065" endtime="20241125 22:15:45.081"/>
</suite>
<status status="PASS" starttime="20241125 22:15:45.043" endtime="20241125 22:15:45.082"/>
</suite>
<statistics>
<total>
<stat pass="3" fail="0" skip="0">All Tests</stat>
</total>
<tag>
</tag>
<suite>
<stat pass="3" fail="0" skip="0" id="s1" name="Tests">Tests</stat>
<stat pass="3" fail="0" skip="0" id="s1-s1" name="Login">Tests.Login</stat>
</suite>
</statistics>
<errors>
</errors>
</robot>
